ncsim(64) 15.20-s039
Linux 3.10.0-1160.83.1.el7.x86_64 #1 SMP Wed Jan 25 16:41:43 UTC 2023 x86_64
CPU cores: 20
Limit information:
======================================
cputime			unlimited
filesize		unlimited
datasize		unlimited
stacksize		8192 kbytes
coredumpsize	0 kbytes
memoryuse		unlimited
vmemoryuse		unlimited
descriptors		4096
memorylocked	64 kbytes
maxproc			4096
======================================
(Special)Runtime environment variables:

Runtime environment variables:
XDG_SESSION_ID=16669
HOSTNAME=ecidslab.nkust.edu.tw
TERM=xterm
SHELL=/bin/bash
HISTSIZE=1000
SSH_CLIENT=27.53.48.30 47743 1633
OLDPWD=/home/C110152307
SSH_TTY=/dev/pts/3
USER=C110152307
LS_COLORS=rs=0:di=01;34:ln=01;36:mh=00:pi=40;33:so=01;35:do=01;35:bd=40;33;01:cd=40;33;01:or=40;31;01:mi=01;05;37;41:su=37;41:sg=30;43:ca=30;41:tw=30;42:ow=34;42:st=37;44:ex=01;32:*.tar=01;31:*.tgz=01;31:*.arc=01;31:*.arj=01;31:*.taz=01;31:*.lha=01;31:*.lz4=01;31:*.lzh=01;31:*.lzma=01;31:*.tlz=01;31:*.txz=01;31:*.tzo=01;31:*.t7z=01;31:*.zip=01;31:*.z=01;31:*.Z=01;31:*.dz=01;31:*.gz=01;31:*.lrz=01;31:*.lz=01;31:*.lzo=01;31:*.xz=01;31:*.bz2=01;31:*.bz=01;31:*.tbz=01;31:*.tbz2=01;31:*.tz=01;31:*.deb=01;31:*.rpm=01;31:*.jar=01;31:*.war=01;31:*.ear=01;31:*.sar=01;31:*.rar=01;31:*.alz=01;31:*.ace=01;31:*.zoo=01;31:*.cpio=01;31:*.7z=01;31:*.rz=01;31:*.cab=01;31:*.jpg=01;35:*.jpeg=01;35:*.gif=01;35:*.bmp=01;35:*.pbm=01;35:*.pgm=01;35:*.ppm=01;35:*.tga=01;35:*.xbm=01;35:*.xpm=01;35:*.tif=01;35:*.tiff=01;35:*.png=01;35:*.svg=01;35:*.svgz=01;35:*.mng=01;35:*.pcx=01;35:*.mov=01;35:*.mpg=01;35:*.mpeg=01;35:*.m2v=01;35:*.mkv=01;35:*.webm=01;35:*.ogm=01;35:*.mp4=01;35:*.m4v=01;35:*.mp4v=01;35:*.vob=01;35:*.qt=01;35:*.nuv=01;35:*.wmv=01;35:*.asf=01;35:*.rm=01;35:*.rmvb=01;35:*.flc=01;35:*.avi=01;35:*.fli=01;35:*.flv=01;35:*.gl=01;35:*.dl=01;35:*.xcf=01;35:*.xwd=01;35:*.yuv=01;35:*.cgm=01;35:*.emf=01;35:*.axv=01;35:*.anx=01;35:*.ogv=01;35:*.ogx=01;35:*.aac=01;36:*.au=01;36:*.flac=01;36:*.mid=01;36:*.midi=01;36:*.mka=01;36:*.mp3=01;36:*.mpc=01;36:*.ogg=01;36:*.ra=01;36:*.wav=01;36:*.axa=01;36:*.oga=01;36:*.spx=01;36:*.xspf=01;36:
MAIL=/var/spool/mail/C110152307
PATH=/usr/cad/cadence/INCISIV/cur/tools/bin/64bit:/usr/cad/cadence/INCISIV/cur/tools/bin/64bit:/usr/cad/cadence/INCISIV/cur/tools/bin/64bit:/usr/cad/synopsys/spyglass/cur/SPYGLASS_HOME/bin:/usr/cad/synopsys/verdi/cur/bin:/usr/cad/synopsys/verdi/cur/nLint/bin:/usr/cad/synopsys/vcs/cur/bin:/usr/cad/synopsys/vcs/cur/linux/bin:/usr/cad/synopsys/vcs/cur/linux/util:/usr/cad/synopsys/vcs/cur/linux/flexlm:/usr/bin/X11:/usr/cad/synopsys/primetime/cur/amd64/syn/bin:/usr/cad/synopsys/hercules/cur/bin/AMD.64:/usr/cad/synopsys/icc/cur/amd64/syn/bin:/usr/bin/X11:/usr/cad/synopsys/coreConsultant/cur/bin:/usr/cad/synopsys/synthesis/cur/amd64/syn/bin:/usr/cad/synopsys/lc/cur/bin:/usr/cad/cadence/JASPER/cur/bin:/usr/cad/cadence/JASPER/cur/bin:/usr/cad/cadence/JASPER/cur/bin:/usr/cad/cadence/JASPER/cur/bin:/usr/cad/cadence/JASPER/cur/bin:/usr/cad/cadence/INNOVUS/cur/tools/celtic/bin:/usr/cad/cadence/INNOVUS/cur/tools/plato/bin:/usr/cad/cadence/INNOVUS/cur/tools/dfII/bin:/usr/cad/cadence/INNOVUS/cur/tools/bin:/usr/cad/cadence/INNOVUS/cur//tools/tlfUtil/bin:/usr/cad/cadence/INCISIV/cur/tools/bin:/usr/cad/cadence/INCISIV/cur/tools/vtools/vfault/bin:/usr/cad/cadence/INCISIV/cur/tools/dfII/bin:/usr/local/bin:/usr/bin:/usr/local/sbin:/usr/sbin:/home/C110152307/.local/bin:/home/C110152307/bin
PWD=/home/C110152307/ICcontest
LANG=en_US.UTF-8
HISTCONTROL=ignoredups
SHLVL=2
HOME=/home/C110152307
LOGNAME=C110152307
XDG_DATA_DIRS=/home/C110152307/.local/share/flatpak/exports/share:/var/lib/flatpak/exports/share:/usr/local/share:/usr/share
SSH_CONNECTION=27.53.48.30 47743 192.168.1.30 1633
LESSOPEN=||/usr/bin/lesspipe.sh %s
XDG_RUNTIME_DIR=/run/user/2019
DISPLAY=localhost:11.0
_=/usr/bin/csh
HOSTTYPE=x86_64-linux
VENDOR=unknown
OSTYPE=linux
MACHTYPE=x86_64
GROUP=workstation2
HOST=ecidslab.nkust.edu.tw
REMOTEHOST=27-53-48-30.adsl.fetnet.net
LD_LIBRARY_PATH=/usr/cad/synopsys/verdi/cur/etc/lib/libstdc++/LINUX64/:/usr/cad/synopsys/verdi/cur/share/PLI/IUS/LINUX64/:/:/usr/cad/cadence/INNOVUS/cur//tools/tlfUtil/lib:/usr/cad/cadence/INCISIV/cur/tools/lib/64bit:/usr/cad/cadence/INCISIV/cur/tools/lib:/usr/cad/cadence/INCISIV/cur/tools/vtools/vfault/lib:/usr/openwin/lib:/usr/dt/lib:/usr/lib:/usr/local/lib
LM_LICENSE_FILE=26585@lstn:26585@lshc:26585@lstc:5280@lstn:
ENCOUNTER=/usr/cad/cadence/INNOVUS/cur/tools/fe
OA_HOME=/usr/cad/cadence/INNOVUS/cur/oa
SYNTHESIS=/usr/cad/synopsys/synthesis/cur
SYN_MAN_DIR=/usr/cad/synopsys/synthesis/cur/doc/syn/man
MANPATH=/usr/cad/synopsys/synthesis/cur/doc/syn/man
SYNOPSYS=/usr/cad/synopsys/icc/cur
SYNOPSYS_LC_ROOT=/usr/cad/synopsys/lc/cur
PRIMETIME=/usr/cad/synopsys/primetime/cur
VCS_HOME=/usr/cad/synopsys/vcs/cur
VCS_CC=gcc
VERDI_HOME=/usr/cad/synopsys/verdi/cur
SHLIB_PATH=/usr/cad/synopsys/verdi/cur/etc/lib/libstdc++/LINUX64/
SG_HTML_BROWSER=/usr/bin/mozilla
EDITOR=/usr/bin/vim
_IRUNROOT_=/usr/cad/cadence/INCISIV/cur/tools
CDS_ARCH=lnx86
NCRUNMODE=ncverilog:./INCA_libs/irun.lnx8664.15.20.nc
IRUNBATCH=FALSE
IMPERAS_PORT_FILE=.vsp_ovp_gdb_port
TCL_LIBRARY=/usr/cad/cadence/INCISIV/cur/tools/inca/files/tcl/library
Runtime command line arguments:
argv[0]=ncverilog
argv[1]=testfixture.v
argv[2]=SET_syn.v
argv[3]=-v
argv[4]=tsmc13_neg.v
argv[5]=+define+SDF
argv[6]=+nc64bit
argv[7]=+access+r
argv[8]=+define+MD1
82 profile - 100
          CPU/Mem usage: 0.050 sys,  0.030 user,  220.11M sys,  0.00M vm
83 VC callback profile - scalar:0 vector:0
84 Mon Mar 25 00:09:26 2024
85 pliAppInit
86 FSDB_GATE is disabled.
87 Enable Parallel Dumping.
88 pliAppMiscSet: New Sim Round
89 pliEntryInit
90 LIBSSCORE=found /usr/cad/synopsys/verdi/cur/share/PLI/IUS/LINUX64/libsscore_ius152.so through $LD_LIBRARY_PATH setting.
91 argv[0]: SET.fsdb
92 FSDB Dumper for IUS, Release Verdi_P-2019.06, Linux x86_64/64bit, 05/26/2019
93 (C) 1996 - 2019 by Synopsys, Inc.
94 sps_call_fsdbDumpfile at 0 : /home/C110152307/ICcontest/testfixture.v(37)
95 argv[0]: SET.fsdb
96 *Verdi* FSDB WARNING: The FSDB file already exists. Overwriting the FSDB file may crash the programs that are using this file.
97 *Verdi* : Create FSDB file 'SET.fsdb'
98 sps_call_fsdbDumpvars at 0 : /home/C110152307/ICcontest/testfixture.v(38)
99 *Verdi* : Begin traversing the scopes, layer (0).
100 Cell instance `testfixture1.u_set.r458.U1_1_6'.
101 *Verdi* : End of traversing.
102 fsdbDumpvars traverse var: profile - 
          CPU/Mem usage: 0.060 sys,  0.080 user,  320.98M sys,  0.00M vm
                   incr: 0.010 sys,  0.040 user,  9.30M sys,  0.00M vm
                   accu: 0.010 sys,  0.040 user,  9.30M sys,  0.00M vm
              accu incr: 0.010 sys,  0.040 user,  9.30M sys,  0.00M vm

          Count usage: 4926 var,  1662 idcode,  1662 callback
                 incr: 4926 var,  1662 idcode,  1662 callback
                 accu: 4926 var,  1662 idcode,  1662 callback
            accu incr: 4926 var,  1662 idcode,  1662 callback
103 VC callback profile - scalar:0 vector:0
104 Mon Mar 25 00:09:26 2024
105 fsdbDumpvars: profile - 
          CPU/Mem usage: 0.060 sys,  0.080 user,  322.03M sys,  0.00M vm
                   incr: 0.000 sys,  0.000 user,  1.05M sys,  0.00M vm
                   accu: 0.010 sys,  0.040 user,  10.35M sys,  0.00M vm
              accu incr: 0.000 sys,  0.000 user,  1.05M sys,  0.00M vm

          Count usage: 4926 var,  1662 idcode,  1662 callback
                 incr: 0 var,  0 idcode,  0 callback
                 accu: 4926 var,  1662 idcode,  1662 callback
            accu incr: 0 var,  0 idcode,  0 callback
106 VC callback profile - scalar:1656 vector:6
107 Mon Mar 25 00:09:26 2024
108 End of simulation at 44210000
109 VC callback profile - scalar:1428505 vector:190
110 Mon Mar 25 00:09:26 2024
111 Begin FSDB profile info:
112 FSDB Writer : bc1(1428505) bcn(190) mtf/stf(0/0)
FSDB Writer elapsed time : flush(0.106186) io wait(0.000000) theadpool wait(0.000000) target functin(0.000000)
FSDB Writer cpu time : MT Compression : 0
113 End FSDB profile info
114 Parallel profile    -  Flush:3 Expand:0 ProduceWait:0 ConsumerWait:12 BlockUsed:14
115                        ProduceTime:0.687763803 ConsumerTime:0.163732561 Buffer:64MB
116 SimExit
117 Sim process exit
